TN:
SF:src/contracts/CanaryStakeClaimNFT.sol
FN:22,CanaryStakeClaimNFT.
FNDA:0,CanaryStakeClaimNFT.
FN:28,CanaryStakeClaimNFT.tokenURI
FNDA:2,CanaryStakeClaimNFT.tokenURI
DA:31,2
DA:31,2
DA:31,2
FN:34,CanaryStakeClaimNFT.renderAsDataUri
FNDA:0,CanaryStakeClaimNFT.renderAsDataUri
DA:37,2
DA:37,2
DA:39,2
DA:39,2
DA:45,2
DA:45,2
DA:45,2
DA:51,2
DA:51,2
DA:51,2
DA:60,2
DA:60,2
DA:61,2
DA:61,2
FN:67,CanaryStakeClaimNFT.burn
FNDA:4,CanaryStakeClaimNFT.burn
DA:68,4
DA:68,4
DA:75,4
DA:75,4
FN:78,CanaryStakeClaimNFT.safeMint
FNDA:10,CanaryStakeClaimNFT.safeMint
DA:84,10
DA:84,10
DA:84,10
DA:86,10
DA:86,10
DA:93,10
DA:93,10
DA:95,10
DA:95,10
FNF:5
FNH:3
LF:13
LH:13
BRF:0
BRH:0
end_of_record
TN:
SF:src/contracts/CanaryStakePool.sol
FN:28,CanaryStakePool.
FNDA:10,CanaryStakePool.
DA:32,10
DA:32,10
DA:32,7
DA:32,7
DA:33,11
DA:33,11
DA:35,10
DA:35,10
FN:42,CanaryStakePool.deposit
FNDA:83,CanaryStakePool.deposit
DA:47,82
DA:47,82
BRDA:47,0,0,1
BRDA:47,0,1,81
DA:48,1
DA:48,1
DA:50,81
DA:50,81
BRDA:50,1,0,1
BRDA:50,1,1,80
DA:51,1
DA:51,1
DA:53,80
DA:53,80
DA:55,80
DA:55,80
DA:55,80
BRDA:55,2,0,72
BRDA:55,2,1,80
DA:56,72
DA:56,72
DA:59,80
DA:59,80
DA:61,80
DA:61,80
DA:67,80
DA:67,80
DA:67,80
DA:69,80
DA:69,80
DA:78,80
DA:78,80
FN:81,CanaryStakePool.requestWithdraw
FNDA:12,CanaryStakePool.requestWithdraw
DA:85,11
DA:85,11
DA:86,11
DA:86,11
DA:86,11
DA:88,11
DA:88,11
BRDA:88,3,0,1
BRDA:88,3,1,10
DA:89,1
DA:89,1
DA:92,10
DA:92,10
DA:92,10
DA:98,10
DA:98,10
DA:98,10
DA:105,10
DA:105,10
DA:115,10
DA:115,10
FN:118,CanaryStakePool.claim
FNDA:8,CanaryStakePool.claim
DA:119,7
DA:119,7
DA:119,7
BRDA:119,4,0,1
BRDA:119,4,1,6
DA:120,1
DA:120,1
DA:123,6
DA:123,6
DA:128,6
DA:128,6
DA:131,6
DA:131,6
DA:131,6
DA:132,4
DA:132,4
BRDA:130,5,0,1
BRDA:130,5,1,5
DA:134,1
DA:134,1
DA:136,5
DA:136,5
DA:136,5
DA:137,2
DA:137,2
BRDA:135,6,0,1
BRDA:135,6,1,4
DA:139,1
DA:139,1
DA:142,4
DA:142,4
DA:144,4
DA:144,4
DA:146,4
DA:146,4
DA:148,4
DA:148,4
FN:151,CanaryStakePool.adminYieldDeposit
FNDA:10,CanaryStakePool.adminYieldDeposit
DA:154,10
DA:154,10
DA:154,10
DA:157,10
DA:157,10
DA:159,10
DA:159,10
BRDA:159,7,0,10
BRDA:159,7,1,10
DA:161,10
DA:161,10
DA:166,10
DA:166,10
DA:167,10
DA:167,10
FN:178,CanaryStakePool.pause
FNDA:1,CanaryStakePool.pause
DA:179,1
DA:179,1
FN:182,CanaryStakePool.unpause
FNDA:1,CanaryStakePool.unpause
DA:183,1
DA:183,1
FN:186,CanaryStakePool.whitelistToken
FNDA:3,CanaryStakePool.whitelistToken
DA:187,3
DA:187,3
DA:189,3
DA:189,3
FN:192,CanaryStakePool._createBondToken
FNDA:72,CanaryStakePool._createBondToken
DA:196,72
DA:196,72
DA:197,72
DA:197,72
DA:198,72
DA:198,72
DA:200,72
DA:200,72
BRDA:200,8,0,36
BRDA:200,8,1,36
DA:201,36
DA:201,36
DA:202,36
DA:202,36
BRDA:202,9,0,36
BRDA:202,9,1,36
DA:203,36
DA:203,36
DA:205,72
DA:205,72
DA:212,72
DA:212,72
DA:219,72
DA:219,72
DA:219,72
DA:230,72
DA:230,72
DA:232,72
DA:232,72
DA:236,72
DA:236,72
DA:237,72
DA:237,72
DA:238,72
DA:238,72
DA:239,72
DA:239,72
DA:241,72
DA:241,72
DA:243,72
DA:243,72
DA:249,72
DA:249,72
DA:249,72
FN:252,CanaryStakePool.calculatePendingYield
FNDA:10,CanaryStakePool.calculatePendingYield
DA:255,20
DA:255,20
DA:257,20
DA:257,20
DA:258,20
DA:258,20
DA:260,20
DA:260,20
DA:260,20
DA:261,20
DA:261,20
DA:261,20
DA:263,20
DA:263,20
DA:267,20
DA:267,20
FNF:10
FNH:10
LF:73
LH:73
BRF:20
BRH:20
end_of_record
TN:
SF:src/contracts/CanaryStakeToken.sol
FN:12,CanaryStakeToken.
FNDA:0,CanaryStakeToken.
FN:20,CanaryStakeToken.deposit
FNDA:84,CanaryStakeToken.deposit
DA:25,84
DA:25,84
DA:28,84
DA:28,84
DA:30,84
DA:30,84
DA:32,84
DA:32,84
DA:34,84
DA:34,84
FN:37,CanaryStakeToken.mint
FNDA:1,CanaryStakeToken.mint
DA:41,1
DA:41,1
DA:44,1
DA:44,1
DA:46,1
DA:46,1
DA:48,1
DA:48,1
DA:50,1
DA:50,1
FN:53,CanaryStakeToken.withdraw
FNDA:2,CanaryStakeToken.withdraw
DA:58,2
DA:58,2
DA:60,2
DA:60,2
BRDA:60,0,0,1
BRDA:60,0,1,1
DA:61,1
DA:61,1
DA:63,1
DA:63,1
BRDA:63,1,0,1
BRDA:63,1,1,1
DA:64,1
DA:64,1
DA:67,2
DA:67,2
DA:69,2
DA:69,2
DA:71,2
DA:71,2
DA:73,2
DA:73,2
FN:76,CanaryStakeToken.redeem
FNDA:11,CanaryStakeToken.redeem
DA:81,11
DA:81,11
BRDA:81,2,0,10
BRDA:81,2,1,10
DA:82,10
DA:82,10
DA:84,10
DA:84,10
BRDA:84,3,0,10
BRDA:84,3,1,10
DA:85,10
DA:85,10
DA:89,11
DA:89,11
DA:91,11
DA:91,11
DA:93,11
DA:93,11
DA:95,11
DA:95,11
DA:97,11
DA:97,11
FN:100,CanaryStakeToken.totalAssets
FNDA:20,CanaryStakeToken.totalAssets
DA:101,62
DA:101,62
DA:101,62
FNF:6
FNH:5
LF:29
LH:29
BRF:8
BRH:8
end_of_record
