TN:
SF:src/contracts/CanaryStakeClaimNFT.sol
FN:28,CanaryStakeClaimNFT.
FNDA:0,CanaryStakeClaimNFT.
FN:37,CanaryStakeClaimNFT.tokenURI
FNDA:2,CanaryStakeClaimNFT.tokenURI
DA:40,2
DA:40,2
DA:40,2
FN:46,CanaryStakeClaimNFT.renderAsDataUri
FNDA:0,CanaryStakeClaimNFT.renderAsDataUri
DA:49,2
DA:49,2
DA:51,2
DA:51,2
DA:57,2
DA:57,2
DA:57,2
DA:63,2
DA:63,2
DA:63,2
DA:72,2
DA:72,2
DA:73,2
DA:73,2
FN:82,CanaryStakeClaimNFT.burn
FNDA:4,CanaryStakeClaimNFT.burn
DA:83,4
DA:83,4
DA:90,4
DA:90,4
FN:98,CanaryStakeClaimNFT.safeMint
FNDA:10,CanaryStakeClaimNFT.safeMint
DA:104,10
DA:104,10
DA:104,10
DA:106,10
DA:106,10
DA:113,10
DA:113,10
DA:115,10
DA:115,10
FNF:5
FNH:3
LF:13
LH:13
BRF:0
BRH:0
end_of_record
TN:
SF:src/contracts/CanaryStakePool.sol
FN:33,CanaryStakePool.
FNDA:10,CanaryStakePool.
DA:37,10
DA:37,10
DA:37,7
DA:37,7
DA:38,11
DA:38,11
DA:40,10
DA:40,10
FN:51,CanaryStakePool.deposit
FNDA:83,CanaryStakePool.deposit
DA:56,82
DA:56,82
BRDA:56,0,0,1
BRDA:56,0,1,81
DA:57,1
DA:57,1
DA:59,81
DA:59,81
BRDA:59,1,0,1
BRDA:59,1,1,80
DA:60,1
DA:60,1
DA:62,80
DA:62,80
DA:64,80
DA:64,80
DA:64,80
BRDA:64,2,0,72
BRDA:64,2,1,80
DA:65,72
DA:65,72
DA:68,80
DA:68,80
DA:70,80
DA:70,80
DA:76,80
DA:76,80
DA:76,80
DA:78,80
DA:78,80
DA:87,80
DA:87,80
FN:93,CanaryStakePool.requestWithdraw
FNDA:12,CanaryStakePool.requestWithdraw
DA:97,11
DA:97,11
DA:98,11
DA:98,11
DA:98,11
DA:100,11
DA:100,11
BRDA:100,3,0,1
BRDA:100,3,1,10
DA:101,1
DA:101,1
DA:104,10
DA:104,10
DA:104,10
DA:110,10
DA:110,10
DA:110,10
DA:117,10
DA:117,10
DA:127,10
DA:127,10
FN:132,CanaryStakePool.claim
FNDA:8,CanaryStakePool.claim
DA:133,7
DA:133,7
DA:133,7
BRDA:133,4,0,1
BRDA:133,4,1,6
DA:134,1
DA:134,1
DA:137,6
DA:137,6
DA:142,6
DA:142,6
DA:145,6
DA:145,6
DA:145,6
DA:146,4
DA:146,4
BRDA:144,5,0,1
BRDA:144,5,1,5
DA:148,1
DA:148,1
DA:150,5
DA:150,5
DA:150,5
DA:151,2
DA:151,2
BRDA:149,6,0,1
BRDA:149,6,1,4
DA:153,1
DA:153,1
DA:156,4
DA:156,4
DA:158,4
DA:158,4
DA:160,4
DA:160,4
DA:162,4
DA:162,4
FN:168,CanaryStakePool.adminYieldDeposit
FNDA:10,CanaryStakePool.adminYieldDeposit
DA:171,10
DA:171,10
DA:171,10
DA:174,10
DA:174,10
DA:176,10
DA:176,10
BRDA:176,7,0,10
BRDA:176,7,1,10
DA:178,10
DA:178,10
DA:183,10
DA:183,10
DA:184,10
DA:184,10
FN:197,CanaryStakePool.pause
FNDA:1,CanaryStakePool.pause
DA:198,1
DA:198,1
FN:203,CanaryStakePool.unpause
FNDA:1,CanaryStakePool.unpause
DA:204,1
DA:204,1
FN:209,CanaryStakePool.whitelistToken
FNDA:3,CanaryStakePool.whitelistToken
DA:210,3
DA:210,3
DA:212,3
DA:212,3
FN:217,CanaryStakePool.calculatePendingYield
FNDA:10,CanaryStakePool.calculatePendingYield
DA:220,20
DA:220,20
DA:222,20
DA:222,20
DA:223,20
DA:223,20
DA:225,20
DA:225,20
DA:225,20
DA:226,20
DA:226,20
DA:226,20
DA:228,20
DA:228,20
DA:232,20
DA:232,20
FN:238,CanaryStakePool._createBondToken
FNDA:72,CanaryStakePool._createBondToken
DA:242,72
DA:242,72
DA:243,72
DA:243,72
DA:244,72
DA:244,72
DA:246,72
DA:246,72
BRDA:246,8,0,36
BRDA:246,8,1,36
DA:247,36
DA:247,36
DA:248,36
DA:248,36
BRDA:248,9,0,36
BRDA:248,9,1,36
DA:249,36
DA:249,36
DA:251,72
DA:251,72
DA:258,72
DA:258,72
DA:265,72
DA:265,72
DA:265,72
DA:276,72
DA:276,72
DA:278,72
DA:278,72
DA:282,72
DA:282,72
DA:283,72
DA:283,72
DA:284,72
DA:284,72
DA:285,72
DA:285,72
DA:287,72
DA:287,72
DA:289,72
DA:289,72
DA:295,72
DA:295,72
DA:295,72
FNF:10
FNH:10
LF:73
LH:73
BRF:20
BRH:20
end_of_record
TN:
SF:src/contracts/CanaryStakeToken.sol
FN:18,CanaryStakeToken.
FNDA:0,CanaryStakeToken.
FN:27,CanaryStakeToken.deposit
FNDA:84,CanaryStakeToken.deposit
DA:32,84
DA:32,84
DA:35,84
DA:35,84
DA:37,84
DA:37,84
DA:39,84
DA:39,84
DA:41,84
DA:41,84
FN:45,CanaryStakeToken.mint
FNDA:1,CanaryStakeToken.mint
DA:49,1
DA:49,1
DA:52,1
DA:52,1
DA:54,1
DA:54,1
DA:56,1
DA:56,1
DA:58,1
DA:58,1
FN:62,CanaryStakeToken.withdraw
FNDA:2,CanaryStakeToken.withdraw
DA:67,2
DA:67,2
DA:69,2
DA:69,2
BRDA:69,0,0,1
BRDA:69,0,1,1
DA:70,1
DA:70,1
DA:72,1
DA:72,1
BRDA:72,1,0,1
BRDA:72,1,1,1
DA:73,1
DA:73,1
DA:77,2
DA:77,2
DA:79,2
DA:79,2
DA:81,2
DA:81,2
DA:83,2
DA:83,2
FN:87,CanaryStakeToken.redeem
FNDA:11,CanaryStakeToken.redeem
DA:92,11
DA:92,11
BRDA:92,2,0,10
BRDA:92,2,1,10
DA:93,10
DA:93,10
DA:95,10
DA:95,10
BRDA:95,3,0,10
BRDA:95,3,1,10
DA:96,10
DA:96,10
DA:101,11
DA:101,11
DA:103,11
DA:103,11
DA:105,11
DA:105,11
DA:107,11
DA:107,11
DA:109,11
DA:109,11
FN:113,CanaryStakeToken.totalAssets
FNDA:20,CanaryStakeToken.totalAssets
DA:114,62
DA:114,62
DA:114,62
FNF:6
FNH:5
LF:29
LH:29
BRF:8
BRH:8
end_of_record
